<?xml version="1.0" encoding="UTF-8"?>
<!-- Generated by org.testng.reporters.JUnitReportReporter -->
<testsuite hostname="JYOTI" failures="0" tests="3" name="Extent_Report.ExecuteWithListeners" time="35.288" errors="1" timestamp="2024-07-29T16:19:52 IST" skipped="1">
  <testcase classname="Extent_Report.ExecuteWithListeners" name="csk" time="0.000">
    <skipped/>
  </testcase> <!-- csk -->
  <testcase classname="Extent_Report.ExecuteWithListeners" name="rcb" time="1.051">
    <error message="Method Extent_Report.ExecuteWithListeners.rcb() didn&#039;t finish within the time-out 1000" type="org.testng.internal.thread.ThreadTimeoutException">
      <![CDATA[org.testng.internal.thread.ThreadTimeoutException: Method Extent_Report.ExecuteWithListeners.rcb() didn't finish within the time-out 1000
at java.base/java.io.WinNTFileSystem.getBooleanAttributes0(Native Method)
at java.base/java.io.WinNTFileSystem.getBooleanAttributes(WinNTFileSystem.java:479)
at java.base/java.io.FileSystem.hasBooleanAttributes(FileSystem.java:125)
at java.base/java.io.File.exists(File.java:836)
at java.base/jdk.internal.loader.URLClassPath$FileLoader.getResource(URLClassPath.java:1113)
at java.base/jdk.internal.loader.URLClassPath.getResource(URLClassPath.java:316)
at java.base/jdk.internal.loader.BuiltinClassLoader.findClassOnClassPathOrNull(BuiltinClassLoader.java:757)
at java.base/jdk.internal.loader.BuiltinClassLoader.loadClassOrNull(BuiltinClassLoader.java:681)
at java.base/jdk.internal.loader.BuiltinClassLoader.loadClass(BuiltinClassLoader.java:639)
at java.base/jdk.internal.loader.ClassLoaders$AppClassLoader.loadClass(ClassLoaders.java:188)
at java.base/java.lang.ClassLoader.loadClass(ClassLoader.java:526)
at com.google.common.collect.RegularImmutableMap.createEntrySet(RegularImmutableMap.java:313)
at com.google.common.collect.ImmutableMap.entrySet(ImmutableMap.java:1019)
at com.google.common.collect.ImmutableMap.entrySet(ImmutableMap.java:69)
at com.google.common.collect.ImmutableMap$Builder.putAll(ImmutableMap.java:477)
at org.openqa.selenium.chrome.ChromeDriver$ChromeDriverCommandExecutor.getExtraCommands(ChromeDriver.java:120)
at org.openqa.selenium.chrome.ChromeDriver$ChromeDriverCommandExecutor.<init>(ChromeDriver.java:115)
at org.openqa.selenium.chrome.ChromeDriver.generateExecutor(ChromeDriver.java:105)
at org.openqa.selenium.chrome.ChromeDriver.<init>(ChromeDriver.java:88)
at org.openqa.selenium.chrome.ChromeDriver.<init>(ChromeDriver.java:83)
at org.openqa.selenium.chrome.ChromeDriver.<init>(ChromeDriver.java:51)
at Extent_Report.ExecuteWithListeners.rcb(ExecuteWithListeners.java:27)
at java.base/jdk.internal.reflect.DirectMethodHandleAccessor.invoke(DirectMethodHandleAccessor.java:103)
at java.base/java.lang.reflect.Method.invoke(Method.java:580)
at org.testng.internal.invokers.MethodInvocationHelper.invokeMethod(MethodInvocationHelper.java:139)
at org.testng.internal.invokers.InvokeMethodRunnable.runOne(InvokeMethodRunnable.java:47)
at org.testng.internal.invokers.InvokeMethodRunnable.call(InvokeMethodRunnable.java:76)
at org.testng.internal.invokers.InvokeMethodRunnable.call(InvokeMethodRunnable.java:11)
at java.base/java.util.concurrent.FutureTask.run(FutureTask.java:317)
at java.base/java.util.concurrent.ThreadPoolExecutor.runWorker(ThreadPoolExecutor.java:1144)
at java.base/java.util.concurrent.ThreadPoolExecutor$Worker.run(ThreadPoolExecutor.java:642)
at java.base/java.lang.Thread.run(Thread.java:1583)
]]>
    </error>
    <system-out>
      <![CDATA[rcbis executed]]>
    </system-out>
  </testcase> <!-- rcb -->
  <testcase classname="Extent_Report.ExecuteWithListeners" name="dominos" time="34.237">
    <system-out>
      <![CDATA[dominosis executed
my stomach is hungry..]]>
    </system-out>
  </testcase> <!-- dominos -->
  <system-out>
    <![CDATA[rcbis executed
dominosis executed
my stomach is hungry..]]>
  </system-out>
</testsuite> <!-- Extent_Report.ExecuteWithListeners -->
